{"/Users/internone/www/NodeJS/tdd-todo-api/app/models/todo.model.js":{"path":"/Users/internone/www/NodeJS/tdd-todo-api/app/models/todo.model.js","s":{"1":1,"2":1,"3":1,"4":1,"5":1},"b":{},"f":{},"fnMap":{},"statementMap":{"1":{"start":{"line":1,"column":0},"end":{"line":1,"column":35}},"2":{"start":{"line":2,"column":0},"end":{"line":2,"column":29}},"3":{"start":{"line":5,"column":0},"end":{"line":17,"column":3}},"4":{"start":{"line":20,"column":0},"end":{"line":20,"column":51}},"5":{"start":{"line":22,"column":0},"end":{"line":22,"column":27}}},"branchMap":{}}}