{"/Users/internone/www/NodeJS/tdd-todo-api/server.js":{"path":"/Users/internone/www/NodeJS/tdd-todo-api/server.js","s":{"1":1,"2":1,"3":1,"4":1,"5":1,"6":1,"7":1,"8":1,"9":1,"10":1,"11":1,"12":1,"13":1,"14":1,"15":1,"16":1,"17":1,"18":1,"19":1,"20":0,"21":1},"b":{"1":[0,1]},"f":{"1":1,"2":1},"fnMap":{"1":{"name":"(anonymous_1)","line":33,"loc":{"start":{"line":33,"column":36},"end":{"line":33,"column":48}}},"2":{"name":"(anonymous_2)","line":38,"loc":{"start":{"line":38,"column":24},"end":{"line":38,"column":37}}}},"statementMap":{"1":{"start":{"line":1,"column":0},"end":{"line":1,"column":33}},"2":{"start":{"line":2,"column":0},"end":{"line":2,"column":35}},"3":{"start":{"line":3,"column":0},"end":{"line":3,"column":31}},"4":{"start":{"line":4,"column":0},"end":{"line":4,"column":40}},"5":{"start":{"line":5,"column":0},"end":{"line":5,"column":48}},"6":{"start":{"line":7,"column":0},"end":{"line":7,"column":20}},"7":{"start":{"line":9,"column":0},"end":{"line":9,"column":48}},"8":{"start":{"line":11,"column":0},"end":{"line":11,"column":44}},"9":{"start":{"line":14,"column":0},"end":{"line":14,"column":23}},"10":{"start":{"line":17,"column":0},"end":{"line":17,"column":53}},"11":{"start":{"line":20,"column":0},"end":{"line":20,"column":27}},"12":{"start":{"line":23,"column":0},"end":{"line":23,"column":63}},"13":{"start":{"line":25,"column":0},"end":{"line":25,"column":26}},"14":{"start":{"line":27,"column":0},"end":{"line":27,"column":23}},"15":{"start":{"line":30,"column":0},"end":{"line":30,"column":28}},"16":{"start":{"line":33,"column":0},"end":{"line":35,"column":3}},"17":{"start":{"line":34,"column":2},"end":{"line":34,"column":66}},"18":{"start":{"line":38,"column":0},"end":{"line":41,"column":3}},"19":{"start":{"line":39,"column":2},"end":{"line":39,"column":20}},"20":{"start":{"line":39,"column":10},"end":{"line":39,"column":20}},"21":{"start":{"line":40,"column":2},"end":{"line":40,"column":54}}},"branchMap":{"1":{"line":39,"type":"if","locations":[{"start":{"line":39,"column":2},"end":{"line":39,"column":2}},{"start":{"line":39,"column":2},"end":{"line":39,"column":2}}]}}},"/Users/internone/www/NodeJS/tdd-todo-api/app/routes/todo.routes.js":{"path":"/Users/internone/www/NodeJS/tdd-todo-api/app/routes/todo.routes.js","s":{"1":1,"2":1,"3":1,"4":1,"5":1,"6":1,"7":1},"b":{},"f":{},"fnMap":{},"statementMap":{"1":{"start":{"line":1,"column":0},"end":{"line":1,"column":33}},"2":{"start":{"line":2,"column":0},"end":{"line":2,"column":30}},"3":{"start":{"line":4,"column":0},"end":{"line":4,"column":63}},"4":{"start":{"line":7,"column":0},"end":{"line":7,"column":45}},"5":{"start":{"line":8,"column":0},"end":{"line":8,"column":52}},"6":{"start":{"line":9,"column":0},"end":{"line":9,"column":47}},"7":{"start":{"line":11,"column":0},"end":{"line":11,"column":24}}},"branchMap":{}},"/Users/internone/www/NodeJS/tdd-todo-api/app/controllers/todo.controller.js":{"path":"/Users/internone/www/NodeJS/tdd-todo-api/app/controllers/todo.controller.js","s":{"1":1,"2":1,"3":3,"4":3,"5":0,"6":0,"7":3,"8":3,"9":3,"10":0,"11":0,"12":3,"13":2,"14":2,"15":2,"16":0,"17":0,"18":2,"19":1},"b":{"1":[0,3],"2":[0,3],"3":[0,2]},"f":{"1":3,"2":3,"3":3,"4":3,"5":2,"6":2},"fnMap":{"1":{"name":"(anonymous_1)","line":5,"loc":{"start":{"line":5,"column":13},"end":{"line":5,"column":31}}},"2":{"name":"(anonymous_2)","line":6,"loc":{"start":{"line":6,"column":22},"end":{"line":6,"column":42}}},"3":{"name":"(anonymous_3)","line":16,"loc":{"start":{"line":16,"column":16},"end":{"line":16,"column":34}}},"4":{"name":"(anonymous_4)","line":17,"loc":{"start":{"line":17,"column":43},"end":{"line":17,"column":62}}},"5":{"name":"(anonymous_5)","line":27,"loc":{"start":{"line":27,"column":14},"end":{"line":27,"column":32}}},"6":{"name":"(anonymous_6)","line":29,"loc":{"start":{"line":29,"column":18},"end":{"line":29,"column":37}}}},"statementMap":{"1":{"start":{"line":1,"column":0},"end":{"line":1,"column":43}},"2":{"start":{"line":3,"column":0},"end":{"line":37,"column":1}},"3":{"start":{"line":6,"column":8},"end":{"line":12,"column":11}},"4":{"start":{"line":7,"column":10},"end":{"line":10,"column":11}},"5":{"start":{"line":8,"column":12},"end":{"line":8,"column":69}},"6":{"start":{"line":9,"column":12},"end":{"line":9,"column":19}},"7":{"start":{"line":11,"column":10},"end":{"line":11,"column":48}},"8":{"start":{"line":17,"column":8},"end":{"line":23,"column":11}},"9":{"start":{"line":18,"column":10},"end":{"line":21,"column":11}},"10":{"start":{"line":19,"column":12},"end":{"line":19,"column":69}},"11":{"start":{"line":20,"column":12},"end":{"line":20,"column":19}},"12":{"start":{"line":22,"column":10},"end":{"line":22,"column":47}},"13":{"start":{"line":28,"column":8},"end":{"line":28,"column":38}},"14":{"start":{"line":29,"column":8},"end":{"line":35,"column":11}},"15":{"start":{"line":30,"column":10},"end":{"line":33,"column":11}},"16":{"start":{"line":31,"column":12},"end":{"line":31,"column":69}},"17":{"start":{"line":32,"column":12},"end":{"line":32,"column":19}},"18":{"start":{"line":34,"column":10},"end":{"line":34,"column":72}},"19":{"start":{"line":39,"column":0},"end":{"line":39,"column":26}}},"branchMap":{"1":{"line":7,"type":"if","locations":[{"start":{"line":7,"column":10},"end":{"line":7,"column":10}},{"start":{"line":7,"column":10},"end":{"line":7,"column":10}}]},"2":{"line":18,"type":"if","locations":[{"start":{"line":18,"column":10},"end":{"line":18,"column":10}},{"start":{"line":18,"column":10},"end":{"line":18,"column":10}}]},"3":{"line":30,"type":"if","locations":[{"start":{"line":30,"column":10},"end":{"line":30,"column":10}},{"start":{"line":30,"column":10},"end":{"line":30,"column":10}}]}}},"/Users/internone/www/NodeJS/tdd-todo-api/app/models/todo.model.js":{"path":"/Users/internone/www/NodeJS/tdd-todo-api/app/models/todo.model.js","s":{"1":1,"2":1,"3":1,"4":1,"5":1},"b":{},"f":{},"fnMap":{},"statementMap":{"1":{"start":{"line":1,"column":0},"end":{"line":1,"column":35}},"2":{"start":{"line":2,"column":0},"end":{"line":2,"column":29}},"3":{"start":{"line":5,"column":0},"end":{"line":17,"column":3}},"4":{"start":{"line":20,"column":0},"end":{"line":20,"column":51}},"5":{"start":{"line":22,"column":0},"end":{"line":22,"column":27}}},"branchMap":{}},"/Users/internone/www/NodeJS/tdd-todo-api/app/config/config.js":{"path":"/Users/internone/www/NodeJS/tdd-todo-api/app/config/config.js","s":{"1":1,"2":1},"b":{"1":[1,1],"2":[1,1]},"f":{},"fnMap":{},"statementMap":{"1":{"start":{"line":1,"column":0},"end":{"line":6,"column":1}},"2":{"start":{"line":8,"column":0},"end":{"line":8,"column":24}}},"branchMap":{"1":{"line":2,"type":"binary-expr","locations":[{"start":{"line":2,"column":7},"end":{"line":2,"column":23}},{"start":{"line":2,"column":27},"end":{"line":2,"column":31}}]},"2":{"line":3,"type":"binary-expr","locations":[{"start":{"line":3,"column":5},"end":{"line":3,"column":29}},{"start":{"line":3,"column":33},"end":{"line":3,"column":62}}]}}}}