TN:
SF:/Users/internone/www/NodeJS/tdd-todo-api/server.js
FN:33,(anonymous_1)
FN:38,(anonymous_2)
FNF:2
FNH:2
FNDA:1,(anonymous_1)
FNDA:1,(anonymous_2)
DA:1,1
DA:2,1
DA:3,1
DA:4,1
DA:5,1
DA:7,1
DA:9,1
DA:11,1
DA:14,1
DA:17,1
DA:20,1
DA:23,1
DA:25,1
DA:27,1
DA:30,1
DA:33,1
DA:34,1
DA:38,1
DA:39,1
DA:40,1
LF:20
LH:20
BRDA:39,1,0,0
BRDA:39,1,1,1
BRF:2
BRH:1
end_of_record
TN:
SF:/Users/internone/www/NodeJS/tdd-todo-api/app/routes/todo.routes.js
FNF:0
FNH:0
DA:1,1
DA:2,1
DA:4,1
DA:7,1
DA:8,1
DA:9,1
DA:11,1
LF:7
LH:7
BRF:0
BRH:0
end_of_record
TN:
SF:/Users/internone/www/NodeJS/tdd-todo-api/app/controllers/todo.controller.js
FN:5,(anonymous_1)
FN:6,(anonymous_2)
FN:16,(anonymous_3)
FN:17,(anonymous_4)
FN:27,(anonymous_5)
FN:29,(anonymous_6)
FNF:6
FNH:6
FNDA:3,(anonymous_1)
FNDA:3,(anonymous_2)
FNDA:3,(anonymous_3)
FNDA:3,(anonymous_4)
FNDA:2,(anonymous_5)
FNDA:2,(anonymous_6)
DA:1,1
DA:3,1
DA:6,3
DA:7,3
DA:8,0
DA:9,0
DA:11,3
DA:17,3
DA:18,3
DA:19,0
DA:20,0
DA:22,3
DA:28,2
DA:29,2
DA:30,2
DA:31,0
DA:32,0
DA:34,2
DA:39,1
LF:19
LH:13
BRDA:7,1,0,0
BRDA:7,1,1,3
BRDA:18,2,0,0
BRDA:18,2,1,3
BRDA:30,3,0,0
BRDA:30,3,1,2
BRF:6
BRH:3
end_of_record
TN:
SF:/Users/internone/www/NodeJS/tdd-todo-api/app/models/todo.model.js
FNF:0
FNH:0
DA:1,1
DA:2,1
DA:5,1
DA:20,1
DA:22,1
LF:5
LH:5
BRF:0
BRH:0
end_of_record
TN:
SF:/Users/internone/www/NodeJS/tdd-todo-api/app/config/config.js
FNF:0
FNH:0
DA:1,1
DA:8,1
LF:2
LH:2
BRDA:2,1,0,1
BRDA:2,1,1,1
BRDA:3,2,0,1
BRDA:3,2,1,1
BRF:4
BRH:4
end_of_record
